<?xml version="1.0" encoding="UTF-8"?>
<!-- Generated by org.testng.reporters.JUnitXMLReporter -->
<testsuite ignored="0" hostname="DESKTOP-0VAOIEF" failures="0" tests="6" name="Default test" time="22.79" errors="0" timestamp="21 May 2019 16:06:54 GMT">
  <testcase classname="com.makemytrip.tests.HomePageTest" name="homepagetest" time="5.456"/>
  <testcase classname="com.makemytrip.tests.HomePageTest" name="chkTotalNoOfFlights" time="5.123"/>
  <testcase classname="com.makemytrip.tests.HomePageTest" name="nonStopFlightTest" time="1.859"/>
  <testcase classname="com.makemytrip.tests.HomePageTest" name="oneStopFlightTest" time="2.563"/>
  <testcase classname="com.makemytrip.tests.HomePageTest" name="randomFlightTest" time="0.214"/>
  <testcase classname="com.makemytrip.tests.HomePageTest" name="flightPriceTest" time="0.135"/>
</testsuite> <!-- Default test -->
